<?xml version="1.0" encoding="UTF-8"?>
<!-- Generated by org.testng.reporters.JUnitXMLReporter -->
<testsuite hostname="nbsc11p14w-0058" ignored="11" name="Parallel Testing" tests="1" failures="0" timestamp="02 Nov 2020 06:07:26 GMT" time="49.024" errors="0">
  <testcase name="RC_12" time="37.834" classname="suite.test.RCTest"/>
  <testcase name="RC_5" time="0.0" classname="suite.test.RCTest">
    <ignored/>
  </testcase> <!-- RC_5 -->
  <testcase name="RC_2" time="0.0" classname="suite.test.RCTest">
    <ignored/>
  </testcase> <!-- RC_2 -->
  <testcase name="RC_3" time="0.0" classname="suite.test.RCTest">
    <ignored/>
  </testcase> <!-- RC_3 -->
  <testcase name="RC_11" time="0.0" classname="suite.test.RCTest">
    <ignored/>
  </testcase> <!-- RC_11 -->
  <testcase name="RC_1" time="0.0" classname="suite.test.RCTest">
    <ignored/>
  </testcase> <!-- RC_1 -->
  <testcase name="RC_8" time="0.0" classname="suite.test.RCTest">
    <ignored/>
  </testcase> <!-- RC_8 -->
  <testcase name="RC_9" time="0.0" classname="suite.test.RCTest">
    <ignored/>
  </testcase> <!-- RC_9 -->
  <testcase name="RC_6" time="0.0" classname="suite.test.RCTest">
    <ignored/>
  </testcase> <!-- RC_6 -->
  <testcase name="RC_7" time="0.0" classname="suite.test.RCTest">
    <ignored/>
  </testcase> <!-- RC_7 -->
  <testcase name="RC_4" time="0.0" classname="suite.test.RCTest">
    <ignored/>
  </testcase> <!-- RC_4 -->
  <testcase name="RC_10" time="0.0" classname="suite.test.RCTest">
    <ignored/>
  </testcase> <!-- RC_10 -->
</testsuite> <!-- Parallel Testing -->
