<?xml version="1.0" encoding="UTF-8"?>
<!-- Generated by org.testng.reporters.JUnitXMLReporter -->
<testsuite hostname="nbsc11p14w-0006" ignored="0" name="Regression-4" tests="5" failures="0" timestamp="11 Sep 2020 09:50:08 GMT" time="229.348" errors="0">
  <testcase name="tc_1" time="61.719" classname="suite.test.GettingStartedTest"/>
  <testcase name="tc_2" time="34.804" classname="suite.test.GettingStartedTest"/>
  <testcase name="tc_3" time="33.436" classname="suite.test.GettingStartedTest"/>
  <testcase name="tc_4" time="32.188" classname="suite.test.GettingStartedTest"/>
  <testcase name="tc_5" time="31.178" classname="suite.test.GettingStartedTest"/>
</testsuite> <!-- Regression-4 -->
