<?xml version="1.0" encoding="UTF-8"?>
<!-- Generated by org.testng.reporters.JUnitXMLReporter -->
<testsuite hostname="nbsc11p14w-0006" ignored="23" name="Regression-1" tests="1" failures="0" timestamp="17 Sep 2020 14:52:48 GMT" time="35.542" errors="0">
  <testcase name="tc_1" time="26.499" classname="suite.test.GettingStartedTest"/>
  <testcase name="tc_23" time="0.0" classname="suite.test.GettingStartedTest">
    <ignored/>
  </testcase> <!-- tc_23 -->
  <testcase name="tc_12" time="0.0" classname="suite.test.GettingStartedTest">
    <ignored/>
  </testcase> <!-- tc_12 -->
  <testcase name="tc_17" time="0.0" classname="suite.test.GettingStartedTest">
    <ignored/>
  </testcase> <!-- tc_17 -->
  <testcase name="tc_14" time="0.0" classname="suite.test.GettingStartedTest">
    <ignored/>
  </testcase> <!-- tc_14 -->
  <testcase name="tc_22" time="0.0" classname="suite.test.GettingStartedTest">
    <ignored/>
  </testcase> <!-- tc_22 -->
  <testcase name="tc_11" time="0.0" classname="suite.test.GettingStartedTest">
    <ignored/>
  </testcase> <!-- tc_11 -->
  <testcase name="tc_16" time="0.0" classname="suite.test.GettingStartedTest">
    <ignored/>
  </testcase> <!-- tc_16 -->
  <testcase name="tc_18" time="0.0" classname="suite.test.GettingStartedTest">
    <ignored/>
  </testcase> <!-- tc_18 -->
  <testcase name="tc_15" time="0.0" classname="suite.test.GettingStartedTest">
    <ignored/>
  </testcase> <!-- tc_15 -->
  <testcase name="tc_19" time="0.0" classname="suite.test.GettingStartedTest">
    <ignored/>
  </testcase> <!-- tc_19 -->
  <testcase name="tc_24" time="0.0" classname="suite.test.GettingStartedTest">
    <ignored/>
  </testcase> <!-- tc_24 -->
  <testcase name="tc_13" time="0.0" classname="suite.test.GettingStartedTest">
    <ignored/>
  </testcase> <!-- tc_13 -->
  <testcase name="tc_4" time="0.0" classname="suite.test.GettingStartedTest">
    <ignored/>
  </testcase> <!-- tc_4 -->
  <testcase name="tc_7" time="0.0" classname="suite.test.GettingStartedTest">
    <ignored/>
  </testcase> <!-- tc_7 -->
  <testcase name="tc_5" time="0.0" classname="suite.test.GettingStartedTest">
    <ignored/>
  </testcase> <!-- tc_5 -->
  <testcase name="tc_3" time="0.0" classname="suite.test.GettingStartedTest">
    <ignored/>
  </testcase> <!-- tc_3 -->
  <testcase name="tc_6" time="0.0" classname="suite.test.GettingStartedTest">
    <ignored/>
  </testcase> <!-- tc_6 -->
  <testcase name="tc_20" time="0.0" classname="suite.test.GettingStartedTest">
    <ignored/>
  </testcase> <!-- tc_20 -->
  <testcase name="tc_2" time="0.0" classname="suite.test.GettingStartedTest">
    <ignored/>
  </testcase> <!-- tc_2 -->
  <testcase name="tc_8" time="0.0" classname="suite.test.GettingStartedTest">
    <ignored/>
  </testcase> <!-- tc_8 -->
  <testcase name="tc_10" time="0.0" classname="suite.test.GettingStartedTest">
    <ignored/>
  </testcase> <!-- tc_10 -->
  <testcase name="tc_21" time="0.0" classname="suite.test.GettingStartedTest">
    <ignored/>
  </testcase> <!-- tc_21 -->
  <testcase name="tc_9" time="0.0" classname="suite.test.GettingStartedTest">
    <ignored/>
  </testcase> <!-- tc_9 -->
</testsuite> <!-- Regression-1 -->
